<?xml version="1.0" encoding="utf-8"?><testsuites name="pytest tests"><testsuite name="pytest" errors="0" failures="0" skipped="0" tests="9" time="4.502" timestamp="2026-04-17T23:26:38.370748+00:00" hostname="agent-env-cd76d786-aaaf-495a-8b06-634120c782d5"><testcase classname="tests.test_twilio_sms_bridge.TestTwilioSMSBridge" name="test_bridge_status_sms_configured" time="0.548" /><testcase classname="tests.test_twilio_sms_bridge.TestTwilioSMSBridge" name="test_sms_bridge_invalid_phone_returns_twilio_error" time="0.732" /><testcase classname="tests.test_twilio_sms_bridge.TestTwilioSMSBridge" name="test_email_bridge_returns_503_not_configured" time="0.429" /><testcase classname="tests.test_twilio_sms_bridge.TestRegressionCallHistory" name="test_call_history_endpoint_works" time="0.460" /><testcase classname="tests.test_twilio_sms_bridge.TestRegressionCoreEndpoints" name="test_login_works" time="0.424" /><testcase classname="tests.test_twilio_sms_bridge.TestRegressionCoreEndpoints" name="test_tables_endpoint_works" time="0.494" /><testcase classname="tests.test_twilio_sms_bridge.TestRegressionCoreEndpoints" name="test_events_endpoint_works" time="0.438" /><testcase classname="tests.test_twilio_sms_bridge.TestRegressionCoreEndpoints" name="test_vapid_key_endpoint_works" time="0.500" /><testcase classname="tests.test_twilio_sms_bridge.TestRegressionCoreEndpoints" name="test_contacts_endpoint_works" time="0.445" /></testsuite></testsuites>