<?xml version="1.0" encoding="utf-8"?><testsuites name="pytest tests"><testsuite name="pytest" errors="0" failures="0" skipped="0" tests="20" time="1.807" timestamp="2026-04-17T23:11:32.539210+00:00" hostname="agent-env-cd76d786-aaaf-495a-8b06-634120c782d5"><testcase classname="backend.tests.test_call_history_phase5_enhancement.TestCallHistoryEndpoint" name="test_call_history_requires_auth" time="0.199" /><testcase classname="backend.tests.test_call_history_phase5_enhancement.TestCallHistoryEndpoint" name="test_call_history_returns_list" time="0.433" /><testcase classname="backend.tests.test_call_history_phase5_enhancement.TestCallHistoryEndpoint" name="test_call_history_has_required_fields" time="0.065" /><testcase classname="backend.tests.test_call_history_phase5_enhancement.TestCallHistoryEndpoint" name="test_call_history_sorted_by_started_at_desc" time="0.049" /><testcase classname="backend.tests.test_call_history_phase5_enhancement.TestCallHistoryEndpoint" name="test_call_history_participant_details_hydrated" time="0.049" /><testcase classname="backend.tests.test_call_history_phase5_enhancement.TestCallHistoryEndpoint" name="test_call_history_caller_hydrated" time="0.054" /><testcase classname="backend.tests.test_call_history_phase5_enhancement.TestCallHistoryEndpoint" name="test_call_history_target_hydrated" time="0.050" /><testcase classname="backend.tests.test_call_history_phase5_enhancement.TestCallHistoryEndpoint" name="test_call_history_type_values" time="0.052" /><testcase classname="backend.tests.test_call_history_phase5_enhancement.TestCallHistoryEndpoint" name="test_call_history_status_values" time="0.049" /><testcase classname="backend.tests.test_call_history_phase5_enhancement.TestRegressionEndpoints" name="test_login_still_works" time="0.277" /><testcase classname="backend.tests.test_call_history_phase5_enhancement.TestRegressionEndpoints" name="test_active_calls_still_works" time="0.044" /><testcase classname="backend.tests.test_call_history_phase5_enhancement.TestRegressionEndpoints" name="test_vapid_key_still_works" time="0.046" /><testcase classname="backend.tests.test_call_history_phase5_enhancement.TestRegressionEndpoints" name="test_tables_endpoint_works" time="0.052" /><testcase classname="backend.tests.test_call_history_phase5_enhancement.TestRegressionEndpoints" name="test_events_endpoint_works" time="0.046" /><testcase classname="backend.tests.test_call_history_phase5_enhancement.TestRegressionEndpoints" name="test_notifications_endpoint_works" time="0.048" /><testcase classname="backend.tests.test_call_history_phase5_enhancement.TestRegressionEndpoints" name="test_me_endpoint_works" time="0.047" /><testcase classname="backend.tests.test_call_history_phase5_enhancement.TestCallHistorySeededData" name="test_seeded_call_logs_exist" time="0.051" /><testcase classname="backend.tests.test_call_history_phase5_enhancement.TestCallHistorySeededData" name="test_seeded_video_call_exists" time="0.049" /><testcase classname="backend.tests.test_call_history_phase5_enhancement.TestCallHistorySeededData" name="test_seeded_audio_call_exists" time="0.049" /><testcase classname="backend.tests.test_call_history_phase5_enhancement.TestCallHistorySeededData" name="test_seeded_missed_call_exists" time="0.045" /></testsuite></testsuites>