<?xml version="1.0" encoding="utf-8"?><testsuites name="pytest tests"><testsuite name="pytest" errors="0" failures="0" skipped="0" tests="11" time="4.598" timestamp="2026-04-18T00:48:04.080639+00:00" hostname="agent-env-cd76d786-aaaf-495a-8b06-634120c782d5"><testcase classname="backend.tests.test_iteration12.TestHealthAndAuth" name="test_api_health" time="0.133" /><testcase classname="backend.tests.test_iteration12.TestHealthAndAuth" name="test_login_admin" time="0.339" /><testcase classname="backend.tests.test_iteration12.TestUploadEndpoint" name="test_upload_endpoint_exists" time="0.417" /><testcase classname="backend.tests.test_iteration12.TestUploadEndpoint" name="test_upload_with_file" time="0.740" /><testcase classname="backend.tests.test_iteration12.TestMembersAndMessages" name="test_get_members" time="0.381" /><testcase classname="backend.tests.test_iteration12.TestMembersAndMessages" name="test_get_messages" time="0.382" /><testcase classname="backend.tests.test_iteration12.TestTablesAndItems" name="test_get_tables" time="0.363" /><testcase classname="backend.tests.test_iteration12.TestTablesAndItems" name="test_get_table_detail" time="0.454" /><testcase classname="backend.tests.test_iteration12.TestUserProfile" name="test_get_me" time="0.406" /><testcase classname="backend.tests.test_iteration12.TestUserProfile" name="test_update_profile" time="0.452" /><testcase classname="backend.tests.test_iteration12.TestWalkieEndpoints" name="test_walkie_ping" time="0.480" /></testsuite></testsuites>