<?xml version="1.0" encoding="utf-8"?><testsuites name="pytest tests"><testsuite name="pytest" errors="0" failures="0" skipped="0" tests="23" time="2.631" timestamp="2026-04-17T22:41:55.366704+00:00" hostname="agent-env-cd76d786-aaaf-495a-8b06-634120c782d5"><testcase classname="backend.tests.test_phase5_features.TestPushNotifications" name="test_vapid_key_public_endpoint" time="0.270" /><testcase classname="backend.tests.test_phase5_features.TestPushNotifications" name="test_push_subscribe_requires_auth" time="0.119" /><testcase classname="backend.tests.test_phase5_features.TestPushNotifications" name="test_push_subscribe_with_auth" time="0.330" /><testcase classname="backend.tests.test_phase5_features.TestPushNotifications" name="test_push_unsubscribe_requires_auth" time="0.138" /><testcase classname="backend.tests.test_phase5_features.TestPushNotifications" name="test_push_unsubscribe_with_auth" time="0.046" /><testcase classname="backend.tests.test_phase5_features.TestActiveCalls" name="test_active_calls_requires_auth" time="0.112" /><testcase classname="backend.tests.test_phase5_features.TestActiveCalls" name="test_active_calls_returns_empty_array" time="0.050" /><testcase classname="backend.tests.test_phase5_features.TestActiveCalls" name="test_active_calls_with_table_filter" time="0.044" /><testcase classname="backend.tests.test_phase5_features.TestBridges" name="test_bridge_status_requires_auth" time="0.101" /><testcase classname="backend.tests.test_phase5_features.TestBridges" name="test_bridge_status_returns_config" time="0.052" /><testcase classname="backend.tests.test_phase5_features.TestBridges" name="test_sms_bridge_returns_503" time="0.050" /><testcase classname="backend.tests.test_phase5_features.TestBridges" name="test_email_bridge_returns_503" time="0.050" /><testcase classname="backend.tests.test_phase5_features.TestBridges" name="test_sms_bridge_requires_auth" time="0.116" /><testcase classname="backend.tests.test_phase5_features.TestBridges" name="test_email_bridge_requires_auth" time="0.129" /><testcase classname="backend.tests.test_phase5_features.TestWebSocketSignaling" name="test_websocket_connects_with_auth" time="0.191" /><testcase classname="backend.tests.test_phase5_features.TestWebSocketSignaling" name="test_websocket_handles_ping" time="0.200" /><testcase classname="backend.tests.test_phase5_features.TestRegressionPhase1to4" name="test_health_endpoint" time="0.045" /><testcase classname="backend.tests.test_phase5_features.TestRegressionPhase1to4" name="test_auth_login" time="0.270" /><testcase classname="backend.tests.test_phase5_features.TestRegressionPhase1to4" name="test_tables_list" time="0.051" /><testcase classname="backend.tests.test_phase5_features.TestRegressionPhase1to4" name="test_events_list" time="0.051" /><testcase classname="backend.tests.test_phase5_features.TestRegressionPhase1to4" name="test_notifications_list" time="0.056" /><testcase classname="backend.tests.test_phase5_features.TestRegressionPhase1to4" name="test_members_list" time="0.054" /><testcase classname="backend.tests.test_phase5_features.TestRegressionPhase1to4" name="test_referrals_endpoint" time="0.049" /></testsuite></testsuites>