<?xml version="1.0" encoding="utf-8"?><testsuites name="pytest tests"><testsuite name="pytest" errors="0" failures="0" skipped="0" tests="17" time="7.720" timestamp="2026-04-18T00:15:58.372150+00:00" hostname="agent-env-cd76d786-aaaf-495a-8b06-634120c782d5"><testcase classname="backend.tests.test_iteration10_features.TestAvatarAPI" name="test_set_avatar_url_dicebear" time="0.545" /><testcase classname="backend.tests.test_iteration10_features.TestAvatarAPI" name="test_set_avatar_url_different_styles" time="0.714" /><testcase classname="backend.tests.test_iteration10_features.TestAvatarAPI" name="test_clear_avatar_url_to_null" time="0.544" /><testcase classname="backend.tests.test_iteration10_features.TestAvatarAPI" name="test_avatar_url_persists_after_other_updates" time="0.505" /><testcase classname="backend.tests.test_iteration10_features.TestUserProfileAPI" name="test_get_me_returns_avatar_url" time="0.404" /><testcase classname="backend.tests.test_iteration10_features.TestUserProfileAPI" name="test_get_auth_me_returns_avatar_url" time="0.401" /><testcase classname="backend.tests.test_iteration10_features.TestUserProfileAPI" name="test_user_profile_has_all_fields" time="0.390" /><testcase classname="backend.tests.test_iteration10_features.TestTableSharedItems" name="test_get_tables_list" time="0.425" /><testcase classname="backend.tests.test_iteration10_features.TestTableSharedItems" name="test_get_table_with_items" time="0.446" /><testcase classname="backend.tests.test_iteration10_features.TestTableSharedItems" name="test_add_shared_item_to_table" time="0.537" /><testcase classname="backend.tests.test_iteration10_features.TestRegressionAuth" name="test_login_with_admin_credentials" time="0.353" /><testcase classname="backend.tests.test_iteration10_features.TestRegressionAuth" name="test_login_with_wrong_password_fails" time="0.359" /><testcase classname="backend.tests.test_iteration10_features.TestRegressionNavigation" name="test_get_events" time="0.381" /><testcase classname="backend.tests.test_iteration10_features.TestRegressionNavigation" name="test_get_messages" time="0.389" /><testcase classname="backend.tests.test_iteration10_features.TestRegressionNavigation" name="test_get_notifications" time="0.457" /><testcase classname="backend.tests.test_iteration10_features.TestRegressionNavigation" name="test_get_contacts" time="0.425" /><testcase classname="backend.tests.test_iteration10_features.TestRegressionNavigation" name="test_get_call_history" time="0.397" /></testsuite></testsuites>