<?xml version="1.0" encoding="utf-8"?><testsuites name="pytest tests"><testsuite name="pytest" errors="0" failures="0" skipped="0" tests="34" time="12.209" timestamp="2026-04-17T17:25:49.105354+00:00" hostname="agent-env-b20eef48-d9d8-4660-9577-d01565091e87"><testcase classname="backend.tests.test_phase4_features.TestPurposeTemplates" name="test_bible_study_template_seeds_event_and_items" time="0.536" /><testcase classname="backend.tests.test_phase4_features.TestPurposeTemplates" name="test_family_template_seeds_event_and_intention" time="0.093" /><testcase classname="backend.tests.test_phase4_features.TestPurposeTemplates" name="test_community_template_seeds_monthly_event_and_note" time="0.095" /><testcase classname="backend.tests.test_phase4_features.TestPurposeTemplates" name="test_friends_template_seeds_weekly_hangout" time="0.107" /><testcase classname="backend.tests.test_phase4_features.TestPurposeTemplates" name="test_work_template_seeds_weekly_sync" time="0.109" /><testcase classname="backend.tests.test_phase4_features.TestPurposeTemplates" name="test_other_purpose_seeds_nothing" time="0.097" /><testcase classname="backend.tests.test_phase4_features.TestRecurringEvents" name="test_create_event_with_recurring_weekly" time="0.113" /><testcase classname="backend.tests.test_phase4_features.TestRecurringEvents" name="test_create_event_with_recurring_monthly" time="0.095" /><testcase classname="backend.tests.test_phase4_features.TestRecurringEvents" name="test_create_event_with_recurring_none_default" time="0.123" /><testcase classname="backend.tests.test_phase4_features.TestRecurringEvents" name="test_get_events_expands_weekly_recurring" time="0.145" /><testcase classname="backend.tests.test_phase4_features.TestRecurringEvents" name="test_get_events_expands_monthly_recurring" time="0.156" /><testcase classname="backend.tests.test_phase4_features.TestRecurringEvents" name="test_non_recurring_events_pass_through_unchanged" time="0.141" /><testcase classname="backend.tests.test_phase4_features.TestReactions" name="test_new_item_initializes_reactions" time="0.161" /><testcase classname="backend.tests.test_phase4_features.TestReactions" name="test_react_adds_user_to_reaction_array" time="0.209" /><testcase classname="backend.tests.test_phase4_features.TestReactions" name="test_react_toggle_removes_user" time="0.252" /><testcase classname="backend.tests.test_phase4_features.TestReactions" name="test_react_invalid_type_returns_422" time="0.200" /><testcase classname="backend.tests.test_phase4_features.TestReactions" name="test_react_requires_membership" time="0.565" /><testcase classname="backend.tests.test_phase4_features.TestReactions" name="test_react_all_four_types" time="0.354" /><testcase classname="backend.tests.test_phase4_features.TestPrayerWall" name="test_prayers_returns_only_prayer_and_intention_items" time="0.375" /><testcase classname="backend.tests.test_phase4_features.TestPrayerWall" name="test_prayers_sorted_newest_first" time="0.432" /><testcase classname="backend.tests.test_phase4_features.TestPrayerWall" name="test_prayers_requires_membership" time="0.152" /><testcase classname="backend.tests.test_phase4_features.TestPrayerWall" name="test_prayers_hydrates_reactions_on_old_items" time="0.199" /><testcase classname="backend.tests.test_phase4_features.TestPhase123Regression" name="test_auth_login" time="0.269" /><testcase classname="backend.tests.test_phase4_features.TestPhase123Regression" name="test_tables_crud" time="0.196" /><testcase classname="backend.tests.test_phase4_features.TestPhase123Regression" name="test_messages_endpoint" time="0.046" /><testcase classname="backend.tests.test_phase4_features.TestPhase123Regression" name="test_emails_endpoint" time="0.050" /><testcase classname="backend.tests.test_phase4_features.TestPhase123Regression" name="test_texts_endpoint" time="0.055" /><testcase classname="backend.tests.test_phase4_features.TestPhase123Regression" name="test_events_endpoint" time="0.045" /><testcase classname="backend.tests.test_phase4_features.TestPhase123Regression" name="test_notifications_endpoint" time="0.048" /><testcase classname="backend.tests.test_phase4_features.TestPhase123Regression" name="test_invites_endpoint" time="0.047" /><testcase classname="backend.tests.test_phase4_features.TestPhase123Regression" name="test_contacts_endpoint" time="0.052" /><testcase classname="backend.tests.test_phase4_features.TestPhase123Regression" name="test_referrals_endpoint" time="0.045" /><testcase classname="backend.tests.test_phase4_features.TestPhase123Regression" name="test_public_invite_preview" time="0.042" /><testcase classname="backend.tests.test_phase4_features.TestPhase123Regression" name="test_ai_suggest_events" time="6.532" /></testsuite></testsuites>