<?xml version="1.0" encoding="utf-8"?><testsuites name="pytest tests"><testsuite name="pytest" errors="0" failures="0" skipped="0" tests="18" time="7.624" timestamp="2026-04-17T23:42:05.641092+00:00" hostname="agent-env-cd76d786-aaaf-495a-8b06-634120c782d5"><testcase classname="backend.tests.test_auto_sms_feature.TestAutoSMSFeature" name="test_login_returns_phone_and_auto_sms" time="0.642" /><testcase classname="backend.tests.test_auto_sms_feature.TestAutoSMSFeature" name="test_get_auth_me_returns_phone_and_auto_sms" time="0.385" /><testcase classname="backend.tests.test_auto_sms_feature.TestAutoSMSFeature" name="test_get_me_returns_phone_and_auto_sms" time="0.376" /><testcase classname="backend.tests.test_auto_sms_feature.TestAutoSMSFeature" name="test_put_me_accepts_phone_field" time="0.406" /><testcase classname="backend.tests.test_auto_sms_feature.TestAutoSMSFeature" name="test_put_me_accepts_auto_sms_field" time="0.424" /><testcase classname="backend.tests.test_auto_sms_feature.TestAutoSMSFeature" name="test_put_me_accepts_phone_and_auto_sms_together" time="0.382" /><testcase classname="backend.tests.test_auto_sms_feature.TestAutoSMSFeature" name="test_put_me_phone_max_length" time="0.422" /><testcase classname="backend.tests.test_auto_sms_feature.TestAutoSMSFeature" name="test_put_me_phone_empty_string_behavior" time="0.442" /><testcase classname="backend.tests.test_auto_sms_feature.TestBridgeStatus" name="test_bridge_status_returns_sms_configured" time="0.385" /><testcase classname="backend.tests.test_auto_sms_feature.TestBridgeStatus" name="test_bridge_status_returns_email_configured" time="0.383" /><testcase classname="backend.tests.test_auto_sms_feature.TestRegressionChecks" name="test_login_works" time="0.611" /><testcase classname="backend.tests.test_auto_sms_feature.TestRegressionChecks" name="test_contacts_endpoint_works" time="0.376" /><testcase classname="backend.tests.test_auto_sms_feature.TestRegressionChecks" name="test_call_history_endpoint_works" time="0.415" /><testcase classname="backend.tests.test_auto_sms_feature.TestRegressionChecks" name="test_tables_endpoint_works" time="0.379" /><testcase classname="backend.tests.test_auto_sms_feature.TestRegressionChecks" name="test_events_endpoint_works" time="0.385" /><testcase classname="backend.tests.test_auto_sms_feature.TestAutoSMSTriggerPoints" name="test_walkie_ping_endpoint_exists" time="0.381" /><testcase classname="backend.tests.test_auto_sms_feature.TestAutoSMSTriggerPoints" name="test_messages_endpoint_exists" time="0.389" /><testcase classname="backend.tests.test_auto_sms_feature.TestAutoSMSTriggerPoints" name="test_members_endpoint_returns_phone_and_auto_sms" time="0.393" /></testsuite></testsuites>